/home/user01/miniconda3/lib/python3.13/site-packages/torchvision/datasets/cifar.py:83: VisibleDeprecationWarning: dtype(): align should be passed as Python or NumPy boolean but got `align=0`. Did you mean to pass a tuple to create a subarray type? (Deprecated NumPy 2.4)
  entry = pickle.load(f, encoding="latin1")
[manual] resnet18 params=11,173,962 optimizer=manual_sgd
  epoch   0 | train_loss 2.115 train_acc 26.41 test_acc 38.53 best 38.53 | 9.9s
  epoch  10 | train_loss 0.845 train_acc 85.16 test_acc 81.05 best 81.79 | 10.1s
  epoch  20 | train_loss 0.777 train_acc 88.16 test_acc 81.90 best 83.50 | 9.6s
  epoch  30 | train_loss 0.751 train_acc 89.25 test_acc 84.10 best 87.06 | 10.7s
  epoch  40 | train_loss 0.728 train_acc 90.13 test_acc 85.22 best 87.06 | 10.4s
  epoch  50 | train_loss 0.706 train_acc 91.07 test_acc 87.20 best 88.12 | 10.1s
  epoch  60 | train_loss 0.684 train_acc 92.10 test_acc 86.78 best 88.12 | 11.1s
  epoch  70 | train_loss 0.661 train_acc 93.19 test_acc 84.92 best 89.59 | 10.1s
  epoch  80 | train_loss 0.634 train_acc 94.29 test_acc 88.01 best 90.01 | 10.6s
  epoch  90 | train_loss 0.603 train_acc 95.67 test_acc 89.93 best 90.29 | 11.2s
  epoch 100 | train_loss 0.575 train_acc 96.88 test_acc 90.82 best 92.10 | 11.9s
  epoch 110 | train_loss 0.546 train_acc 98.16 test_acc 92.48 best 92.95 | 12.1s
  epoch 120 | train_loss 0.516 train_acc 99.47 test_acc 93.70 best 93.78 | 12.0s
  epoch 130 | train_loss 0.503 train_acc 99.95 test_acc 94.80 best 94.86 | 11.8s
  epoch 140 | train_loss 0.502 train_acc 99.99 test_acc 95.09 best 95.20 | 11.7s
  epoch 149 | train_loss 0.501 train_acc 100.00 test_acc 95.23 best 95.34 | 12.1s
[manual] DONE best_test_acc=95.34 avg_epoch_time=10.8s
