/home/user01/miniconda3/lib/python3.13/site-packages/torchvision/datasets/cifar.py:83: VisibleDeprecationWarning: dtype(): align should be passed as Python or NumPy boolean but got `align=0`. Did you mean to pass a tuple to create a subarray type? (Deprecated NumPy 2.4)
  entry = pickle.load(f, encoding="latin1")
[r18_strong] resnet18 params=11,173,962 mix=1 epochs=300 steps/ep=390
  ep   0 | raw 38.33 ema 11.14 best 38.33 | 12.1s
  ep  10 | raw 79.28 ema 21.54 best 79.28 | 12.7s
  ep  20 | raw 82.64 ema 10.22 best 82.64 | 12.5s
  ep  30 | raw 78.39 ema 15.08 best 83.66 | 12.8s
  ep  40 | raw 78.34 ema 12.49 best 84.31 | 12.5s
  ep  50 | raw 83.13 ema 17.29 best 84.31 | 12.3s
  ep  60 | raw 78.71 ema 58.99 best 84.31 | 11.6s
  ep  70 | raw 79.72 ema 83.52 best 84.64 | 12.5s
  ep  80 | raw 84.50 ema 88.46 best 88.46 | 12.5s
  ep  90 | raw 82.99 ema 89.98 best 89.98 | 12.1s
  ep 100 | raw 85.75 ema 90.86 best 90.86 | 10.7s
  ep 110 | raw 85.33 ema 91.51 best 91.51 | 12.7s
  ep 120 | raw 83.99 ema 91.79 best 91.79 | 11.8s
  ep 130 | raw 85.82 ema 92.20 best 92.20 | 12.7s
  ep 140 | raw 85.63 ema 92.56 best 92.56 | 11.5s
  ep 150 | raw 88.54 ema 92.85 best 92.85 | 11.9s
  ep 160 | raw 89.18 ema 93.33 best 93.35 | 12.2s
  ep 170 | raw 87.12 ema 93.55 best 93.59 | 12.3s
  ep 180 | raw 90.87 ema 93.79 best 93.80 | 11.3s
  ep 190 | raw 90.81 ema 94.09 best 94.09 | 12.9s
  ep 200 | raw 91.28 ema 94.34 best 94.35 | 12.3s
  ep 210 | raw 92.12 ema 94.87 best 94.89 | 12.5s
  ep 220 | raw 92.06 ema 95.20 best 95.20 | 13.0s
  ep 230 | raw 94.01 ema 95.46 best 95.46 | 11.6s
  ep 240 | raw 94.03 ema 95.76 best 95.76 | 12.6s
  ep 250 | raw 94.77 ema 96.10 best 96.10 | 12.0s
  ep 260 | raw 95.44 ema 96.13 best 96.13 | 13.4s
  ep 270 | raw 96.18 ema 96.42 best 96.42 | 13.2s
  ep 280 | raw 96.52 ema 96.68 best 96.70 | 11.7s
  ep 290 | raw 96.85 ema 96.81 best 96.85 | 12.9s
  ep 299 | raw 96.78 ema 96.79 best 96.92 | 12.9s
[r18_strong] DONE best=96.92 TTA=96.96
