/home/user01/miniconda3/lib/python3.13/site-packages/torchvision/datasets/cifar.py:83: VisibleDeprecationWarning: dtype(): align should be passed as Python or NumPy boolean but got `align=0`. Did you mean to pass a tuple to create a subarray type? (Deprecated NumPy 2.4)
  entry = pickle.load(f, encoding="latin1")
[wrn_mix200] wrn28_10 params=36,479,194 mix=1 epochs=200 steps/ep=390
  ep   0 | raw 37.14 ema 10.01 best 37.14 | 15.6s
  ep  10 | raw 80.90 ema 20.99 best 80.90 | 15.8s
  ep  20 | raw 78.71 ema 10.00 best 80.90 | 15.1s
  ep  30 | raw 83.78 ema 10.60 best 85.80 | 14.8s
  ep  40 | raw 81.89 ema 15.43 best 85.80 | 15.3s
  ep  50 | raw 87.09 ema 19.66 best 87.09 | 15.1s
  ep  60 | raw 87.28 ema 24.51 best 87.36 | 15.5s
  ep  70 | raw 84.01 ema 38.14 best 89.20 | 14.7s
  ep  80 | raw 86.35 ema 72.39 best 89.20 | 15.2s
  ep  90 | raw 89.89 ema 88.01 best 90.30 | 15.9s
  ep 100 | raw 89.34 ema 92.38 best 92.38 | 15.1s
  ep 110 | raw 90.21 ema 93.91 best 93.91 | 15.4s
  ep 120 | raw 91.21 ema 94.66 best 94.67 | 16.1s
  ep 130 | raw 93.43 ema 95.20 best 95.25 | 14.5s
  ep 140 | raw 93.42 ema 95.87 best 95.87 | 15.8s
  ep 150 | raw 95.01 ema 96.29 best 96.29 | 15.9s
  ep 160 | raw 95.91 ema 96.80 best 96.80 | 15.9s
  ep 170 | raw 96.75 ema 97.14 best 97.14 | 15.0s
  ep 180 | raw 97.18 ema 97.34 best 97.34 | 15.4s
  ep 190 | raw 97.54 ema 97.47 best 97.54 | 15.8s
  ep 199 | raw 97.43 ema 97.54 best 97.56 | 16.1s
[wrn_mix200] DONE best=97.56 TTA=97.73
