/home/user01/miniconda3/lib/python3.13/site-packages/torchvision/datasets/cifar.py:83: VisibleDeprecationWarning: dtype(): align should be passed as Python or NumPy boolean but got `align=0`. Did you mean to pass a tuple to create a subarray type? (Deprecated NumPy 2.4)
  entry = pickle.load(f, encoding="latin1")
[wrn_base300] wrn28_10 params=36,479,194 mix=0 epochs=300 steps/ep=390
  ep   0 | raw 46.11 ema 10.01 best 46.11 | 14.7s
  ep  10 | raw 79.84 ema 26.86 best 83.10 | 14.7s
  ep  20 | raw 83.06 ema 10.00 best 83.92 | 13.6s
  ep  30 | raw 83.90 ema 10.87 best 86.52 | 14.4s
  ep  40 | raw 85.73 ema 17.19 best 88.47 | 14.6s
  ep  50 | raw 87.04 ema 22.81 best 88.99 | 14.7s
  ep  60 | raw 87.89 ema 35.90 best 88.99 | 14.7s
  ep  70 | raw 80.93 ema 73.05 best 88.99 | 14.1s
  ep  80 | raw 84.72 ema 88.58 best 89.42 | 14.6s
  ep  90 | raw 88.68 ema 92.38 best 92.38 | 15.3s
  ep 100 | raw 88.85 ema 93.79 best 93.79 | 15.0s
  ep 110 | raw 87.28 ema 94.21 best 94.21 | 14.3s
  ep 120 | raw 87.85 ema 94.66 best 94.66 | 14.2s
  ep 130 | raw 90.19 ema 94.86 best 94.86 | 14.7s
  ep 140 | raw 88.91 ema 95.25 best 95.25 | 14.4s
  ep 150 | raw 91.74 ema 95.53 best 95.53 | 15.0s
  ep 160 | raw 91.19 ema 95.57 best 95.60 | 15.1s
  ep 170 | raw 92.50 ema 95.77 best 95.77 | 14.4s
  ep 180 | raw 89.18 ema 96.11 best 96.12 | 15.4s
  ep 190 | raw 93.32 ema 96.13 best 96.17 | 14.3s
  ep 200 | raw 93.89 ema 96.32 best 96.33 | 14.6s
  ep 210 | raw 94.17 ema 96.60 best 96.60 | 14.1s
  ep 220 | raw 94.77 ema 96.69 best 96.69 | 15.3s
  ep 230 | raw 95.24 ema 96.83 best 96.83 | 15.2s
  ep 240 | raw 95.51 ema 97.06 best 97.11 | 15.0s
  ep 250 | raw 95.78 ema 97.08 best 97.11 | 14.8s
  ep 260 | raw 96.70 ema 97.03 best 97.11 | 15.5s
  ep 270 | raw 96.78 ema 97.10 best 97.13 | 14.5s
  ep 280 | raw 97.08 ema 97.30 best 97.31 | 15.9s
  ep 290 | raw 97.37 ema 97.40 best 97.40 | 15.1s
  ep 299 | raw 97.33 ema 97.43 best 97.43 | 15.5s
[wrn_base300] DONE best=97.43 TTA=97.54
