/home/user01/miniconda3/lib/python3.13/site-packages/torchvision/datasets/cifar.py:83: VisibleDeprecationWarning: dtype(): align should be passed as Python or NumPy boolean but got `align=0`. Did you mean to pass a tuple to create a subarray type? (Deprecated NumPy 2.4)
  entry = pickle.load(f, encoding="latin1")
[wrn_base200] wrn28_10 params=36,479,194 mix=0 epochs=200 steps/ep=390
  ep   0 | raw 46.11 ema 10.01 best 46.11 | 15.7s
  ep  10 | raw 83.42 ema 26.13 best 83.42 | 15.0s
  ep  20 | raw 79.97 ema 10.01 best 85.94 | 13.9s
  ep  30 | raw 83.50 ema 11.32 best 87.71 | 14.8s
  ep  40 | raw 86.40 ema 17.32 best 87.71 | 14.0s
  ep  50 | raw 86.78 ema 21.96 best 89.00 | 14.5s
  ep  60 | raw 86.67 ema 31.44 best 89.00 | 15.0s
  ep  70 | raw 86.08 ema 69.43 best 89.92 | 14.3s
  ep  80 | raw 86.38 ema 87.88 best 90.28 | 14.2s
  ep  90 | raw 90.87 ema 92.44 best 92.44 | 15.3s
  ep 100 | raw 91.89 ema 94.33 best 94.33 | 15.1s
  ep 110 | raw 89.54 ema 95.08 best 95.08 | 14.0s
  ep 120 | raw 92.98 ema 95.54 best 95.54 | 15.0s
  ep 130 | raw 93.30 ema 96.01 best 96.01 | 15.5s
  ep 140 | raw 93.56 ema 96.29 best 96.34 | 15.2s
  ep 150 | raw 95.22 ema 96.56 best 96.58 | 14.5s
  ep 160 | raw 95.64 ema 96.76 best 96.76 | 15.1s
  ep 170 | raw 96.69 ema 96.84 best 96.85 | 14.5s
  ep 180 | raw 96.83 ema 97.01 best 97.01 | 15.4s
  ep 190 | raw 97.14 ema 97.13 best 97.30 | 14.7s
  ep 199 | raw 97.23 ema 97.18 best 97.30 | 15.0s
[wrn_base200] DONE best=97.30 TTA=97.38
