/home/user01/miniconda3/lib/python3.13/site-packages/torchvision/datasets/cifar.py:83: VisibleDeprecationWarning: dtype(): align should be passed as Python or NumPy boolean but got `align=0`. Did you mean to pass a tuple to create a subarray type? (Deprecated NumPy 2.4)
  entry = pickle.load(f, encoding="latin1")
[wrn_mix300] wrn28_10 params=36,479,194 mix=1 epochs=300 steps/ep=390
  ep   0 | raw 33.13 ema 10.00 best 33.13 | 14.0s
  ep  10 | raw 80.05 ema 17.76 best 80.05 | 15.6s
  ep  20 | raw 80.19 ema 12.47 best 83.34 | 14.5s
  ep  30 | raw 78.91 ema 10.63 best 83.96 | 15.5s
  ep  40 | raw 84.34 ema 14.27 best 85.90 | 13.7s
  ep  50 | raw 85.20 ema 16.42 best 86.02 | 15.3s
  ep  60 | raw 87.11 ema 26.89 best 87.11 | 15.3s
  ep  70 | raw 83.07 ema 42.29 best 87.63 | 14.9s
  ep  80 | raw 86.24 ema 75.68 best 88.57 | 14.3s
  ep  90 | raw 81.47 ema 88.33 best 88.57 | 14.7s
  ep 100 | raw 87.42 ema 91.62 best 91.62 | 15.2s
  ep 110 | raw 84.37 ema 92.85 best 92.85 | 15.2s
  ep 120 | raw 89.28 ema 93.52 best 93.52 | 14.6s
  ep 130 | raw 87.19 ema 93.78 best 93.78 | 14.9s
  ep 140 | raw 90.61 ema 94.29 best 94.29 | 15.2s
  ep 150 | raw 90.35 ema 94.65 best 94.65 | 13.9s
  ep 160 | raw 89.60 ema 95.12 best 95.12 | 14.8s
  ep 170 | raw 92.25 ema 95.28 best 95.30 | 15.1s
  ep 180 | raw 92.38 ema 95.65 best 95.65 | 15.1s
  ep 190 | raw 93.57 ema 95.81 best 95.81 | 14.7s
  ep 200 | raw 92.85 ema 96.06 best 96.06 | 14.8s
  ep 210 | raw 92.94 ema 96.30 best 96.33 | 15.7s
  ep 220 | raw 94.26 ema 96.73 best 96.73 | 15.6s
  ep 230 | raw 94.52 ema 96.92 best 96.93 | 15.7s
  ep 240 | raw 95.84 ema 97.16 best 97.16 | 15.8s
  ep 250 | raw 96.81 ema 97.27 best 97.27 | 16.0s
  ep 260 | raw 97.02 ema 97.54 best 97.55 | 15.7s
  ep 270 | raw 97.22 ema 97.67 best 97.67 | 15.5s
  ep 280 | raw 97.70 ema 97.87 best 97.92 | 15.8s
  ep 290 | raw 97.80 ema 98.00 best 98.00 | 15.8s
  ep 299 | raw 97.89 ema 97.96 best 98.02 | 16.1s
[wrn_mix300] DONE best=98.02 TTA=98.00
